#
# There is insufficient memory for the Java Runtime Environment to continue.
# Native memory allocation (malloc) failed to allocate 1048576 bytes for AllocateHeap
# Possible reasons:
#   The system is out of physical RAM or swap space
#   The process is running with CompressedOops enabled, and the Java Heap may be blocking the growth of the native heap
# Possible solutions:
#   Reduce memory load on the system
#   Increase physical memory or swap space
#   Check if swap backing store is full
#   Decrease Java heap size (-Xmx/-Xms)
#   Decrease number of Java threads
#   Decrease Java thread stack sizes (-Xss)
#   Set larger code cache with -XX:ReservedCodeCacheSize=
#   JVM is running with Zero Based Compressed Oops mode in which the Java heap is
#     placed in the first 32GB address space. The Java Heap base address is the
#     maximum limit for the native heap growth. Please use -XX:HeapBaseMinAddress
#     to set the Java Heap base and to place the Java Heap above 32GB virtual address.
# This output file may be truncated or incomplete.
#
#  Out of Memory Error (memory/allocation.inline.hpp:61), pid=4500, tid=0x0000000000002f70
#
# JRE version:  (8.0_261-b12) (build )
# Java VM: Java HotSpot(TM) 64-Bit Server VM (25.261-b12 mixed mode windows-amd64 compressed oops)
# Failed to write core dump. Minidumps are not enabled by default on client versions of Windows
#

---------------  T H R E A D  ---------------

Current thread (0x000001b1f2ab5800):  JavaThread "Unknown thread" [_thread_in_vm, id=12144, stack(0x0000002250600000,0x0000002250700000)]

Stack: [0x0000002250600000,0x0000002250700000]
Native frames: (J=compiled Java code, j=interpreted, Vv=VM code, C=native code)
V  [jvm.dll+0x33e5f9]
V  [jvm.dll+0x2850e2]
V  [jvm.dll+0x285d8d]
V  [jvm.dll+0x27c895]
V  [jvm.dll+0x1565d]
V  [jvm.dll+0x3d87f8]
V  [jvm.dll+0x3d94ea]
V  [jvm.dll+0x3d5557]
V  [jvm.dll+0x10c61f]
V  [jvm.dll+0x21a00b]
V  [jvm.dll+0x248687]
V  [jvm.dll+0x172116]
C  [java.exe+0x2312]
C  [java.exe+0x15f64]
C  [KERNEL32.DLL+0x17034]
C  [ntdll.dll+0x52651]


---------------  P R O C E S S  ---------------

Java Threads: ( => current thread )

Other Threads:

=>0x000001b1f2ab5800 (exited) JavaThread "Unknown thread" [_thread_in_vm, id=12144, stack(0x0000002250600000,0x0000002250700000)]

VM state:not at safepoint (normal execution)

VM Mutex/Monitor currently owned by a thread: None

heap address: 0x00000006c2600000, size: 4058 MB, Compressed Oops mode: Zero based, Oop shift amount: 3
Narrow klass base: 0x0000000000000000, Narrow klass shift: 3
Compressed class space size: 1073741824 Address: 0x00000007c0000000

Heap:
 PSYoungGen      total 75776K, used 1300K [0x000000076b780000, 0x0000000770c00000, 0x00000007c0000000)
  eden space 65024K, 2% used [0x000000076b780000,0x000000076b8c51f8,0x000000076f700000)
  from space 10752K, 0% used [0x0000000770180000,0x0000000770180000,0x0000000770c00000)
  to   space 10752K, 0% used [0x000000076f700000,0x000000076f700000,0x0000000770180000)
 ParOldGen       total 173568K, used 0K [0x00000006c2600000, 0x00000006ccf80000, 0x000000076b780000)
  object space 173568K, 0% used [0x00000006c2600000,0x00000006c2600000,0x00000006ccf80000)
 Metaspace       used 776K, capacity 4480K, committed 4480K, reserved 1056768K
  class space    used 76K, capacity 384K, committed 384K, reserved 1048576K

Card table byte_map: [0x000001b1f47d0000,0x000001b1f4fc0000] byte_map_base: 0x000001b1f11bd000

Marking Bits: (ParMarkBitMap*) 0x00000000546a4fb0
 Begin Bits: [0x000001b1f5510000, 0x000001b1f9478000)
 End Bits:   [0x000001b1f9478000, 0x000001b1fd3e0000)

Polling page: 0x000001b1f43e0000

CodeCache: size=245760Kb used=328Kb max_used=328Kb free=245431Kb
 bounds [0x000001b180000000, 0x000001b180270000, 0x000001b18f000000]
 total_blobs=58 nmethods=0 adapters=38
 compilation: enabled

Compilation events (0 events):
No events

GC Heap History (0 events):
No events

Deoptimization events (0 events):
No events

Classes redefined (0 events):
No events

Internal exceptions (0 events):
No events

Events (10 events):
Event: 0.014 loading class java/lang/Short
Event: 0.014 loading class java/lang/Short done
Event: 0.014 loading class java/lang/Integer
Event: 0.014 loading class java/lang/Integer done
Event: 0.014 loading class java/lang/Long
Event: 0.014 loading class java/lang/Long done
Event: 0.015 loading class java/lang/NullPointerException
Event: 0.015 loading class java/lang/NullPointerException done
Event: 0.015 loading class java/lang/ArithmeticException
Event: 0.015 loading class java/lang/ArithmeticException done


Dynamic libraries:
0x00007ff71d6e0000 - 0x00007ff71d727000 	C:\Program Files\Java\jdk1.8.0_261\bin\java.exe
0x00007ffd7fb30000 - 0x00007ffd7fd25000 	C:\WINDOWS\SYSTEM32\ntdll.dll
0x00007ffd7f1d0000 - 0x00007ffd7f28d000 	C:\WINDOWS\System32\KERNEL32.DLL
0x00007ffd7d550000 - 0x00007ffd7d819000 	C:\WINDOWS\System32\KERNELBASE.dll
0x00007ffd7f8f0000 - 0x00007ffd7f99c000 	C:\WINDOWS\System32\ADVAPI32.dll
0x00007ffd7e610000 - 0x00007ffd7e6ae000 	C:\WINDOWS\System32\msvcrt.dll
0x00007ffd7f480000 - 0x00007ffd7f51b000 	C:\WINDOWS\System32\sechost.dll
0x00007ffd7e4e0000 - 0x00007ffd7e60a000 	C:\WINDOWS\System32\RPCRT4.dll
0x00007ffd7e710000 - 0x00007ffd7e8b0000 	C:\WINDOWS\System32\USER32.dll
0x00007ffd7d8b0000 - 0x00007ffd7d8d2000 	C:\WINDOWS\System32\win32u.dll
0x00007ffd7fac0000 - 0x00007ffd7faea000 	C:\WINDOWS\System32\GDI32.dll
0x00007ffd7d940000 - 0x00007ffd7da4b000 	C:\WINDOWS\System32\gdi32full.dll
0x00007ffd7d4b0000 - 0x00007ffd7d54d000 	C:\WINDOWS\System32\msvcp_win.dll
0x00007ffd7daa0000 - 0x00007ffd7dba0000 	C:\WINDOWS\System32\ucrtbase.dll
0x00007ffd5dc20000 - 0x00007ffd5deba000 	C:\WINDOWS\WinSxS\amd64_microsoft.windows.common-controls_6595b64144ccf1df_6.0.19041.1110_none_60b5254171f9507e\COMCTL32.dll
0x00007ffd7dc00000 - 0x00007ffd7dc30000 	C:\WINDOWS\System32\IMM32.DLL
0x00007ffd767f0000 - 0x00007ffd76805000 	C:\Program Files\Java\jdk1.8.0_261\jre\bin\vcruntime140.dll
0x00007ffd30290000 - 0x00007ffd3032b000 	C:\Program Files\Java\jdk1.8.0_261\jre\bin\msvcp140.dll
0x0000000053eb0000 - 0x000000005471c000 	C:\Program Files\Java\jdk1.8.0_261\jre\bin\server\jvm.dll
0x00007ffd7f290000 - 0x00007ffd7f298000 	C:\WINDOWS\System32\PSAPI.DLL
0x00007ffd66570000 - 0x00007ffd66579000 	C:\WINDOWS\SYSTEM32\WSOCK32.dll
0x00007ffd76970000 - 0x00007ffd7697a000 	C:\WINDOWS\SYSTEM32\VERSION.dll
0x00007ffd695f0000 - 0x00007ffd69617000 	C:\WINDOWS\SYSTEM32\WINMM.dll
0x00007ffd7e470000 - 0x00007ffd7e4db000 	C:\WINDOWS\System32\WS2_32.dll
0x00007ffd7b180000 - 0x00007ffd7b192000 	C:\WINDOWS\SYSTEM32\kernel.appcore.dll
0x00007ffd688c0000 - 0x00007ffd688d0000 	C:\Program Files\Java\jdk1.8.0_261\jre\bin\verify.dll
0x00007ffd45530000 - 0x00007ffd4555b000 	C:\Program Files\Java\jdk1.8.0_261\jre\bin\java.dll
0x00007ffd45470000 - 0x00007ffd45488000 	C:\Program Files\Java\jdk1.8.0_261\jre\bin\zip.dll
0x00007ffd6a150000 - 0x00007ffd6a334000 	C:\WINDOWS\SYSTEM32\dbghelp.dll
0x00007ffd7d820000 - 0x00007ffd7d8a3000 	C:\WINDOWS\System32\bcryptPrimitives.dll

VM Arguments:
jvm_args: -Dclassworlds.conf=C:\Program Files\NetBeans-12.1\netbeans\java\maven\bin\..\bin\m2.conf -Dmaven.home=C:\Program Files\NetBeans-12.1\netbeans\java\maven\bin\.. -Dlibrary.jansi.path=C:\Program Files\NetBeans-12.1\netbeans\java\maven\bin\..\lib\jansi-native -Dmaven.multiModuleProjectDirectory=C:\Study\microservices\DemoRequestMicroservice 
java_command: org.codehaus.plexus.classworlds.launcher.Launcher -Dexec.args=-classpath %classpath ru.yakman.DemoRequestMicroserviceApplication -Dexec.executable=C:\Program Files\Java\jdk1.8.0_261\bin\java.exe -Dmaven.ext.class.path=C:\Program Files\NetBeans-12.1\netbeans\java\maven-nblib\netbeans-eventspy.jar;C:\Program Files\NetBeans-12.1\netbeans\java\maven-nblib\netbeans-cos.jar -Dfile.encoding=UTF-8 org.codehaus.mojo:exec-maven-plugin:1.5.0:exec
java_class_path (initial): C:\Program Files\NetBeans-12.1\netbeans\java\maven\bin\..\boot\plexus-classworlds-2.6.0.jar
Launcher Type: SUN_STANDARD

Environment Variables:
JAVA_HOME=C:\Program Files\Java\jdk1.8.0_261
PATH=C:\Program Files (x86)\Common Files\Oracle\Java\javapath;C:\Program Files (x86)\Intel\Intel(R) Management Engine Components\iCLS\;C:\Program Files\Intel\Intel(R) Management Engine Components\iCLS\;C:\WINDOWS\system32;C:\WINDOWS;C:\WINDOWS\System32\Wbem;C:\WINDOWS\System32\WindowsPowerShell\v1.0\;C:\WINDOWS\System32\OpenSSH\;C:\Program Files (x86)\Intel\Intel(R) Management Engine Components\DAL;C:\Program Files\Intel\Intel(R) Management Engine Components\DAL;C:\Program Files (x86)\Intel\Intel(R) Management Engine Components\IPT;C:\Program Files\Intel\Intel(R) Management Engine Components\IPT;C:\Program Files (x86)\NSIS\Bin;C:\Android\SDK;C:\Program Files\nodejs\;C:\Program Files\Git\cmd;C:\Program Files\Docker\Docker\resources\bin;C:\ProgramData\DockerDesktop\version-bin;C:\Program Files\Java\jdk1.8.0_261;C:\Users\Test\AppData\Local\Microsoft\WindowsApps;C:\Android\SDK\platform-tools\;C:\Users\Test\AppData\Roaming\npm;C:\paxlo\ipfs\resources\app.asar.unpacked\src\ipfs-on-path\scripts\bin-win;C:\ProgramData\BIFIT\Kassa_Obschepit\lib\native;C:\Program Files\Git;C:\Program Files (x86)\Nmap
USERNAME=Test
OS=Windows_NT
PROCESSOR_IDENTIFIER=Intel64 Family 6 Model 158 Stepping 10, GenuineIntel



---------------  S Y S T E M  ---------------

OS: Windows 10.0 , 64 bit Build 19041 (10.0.19041.1023)

CPU:total 6 (initial active 6) (6 cores per cpu, 1 threads per core) family 6 model 158 stepping 10, cmov, cx8, fxsr, mmx, sse, sse2, sse3, ssse3, sse4.1, sse4.2, popcnt, avx, avx2, aes, clmul, erms, rtm, 3dnowpref, lzcnt, tsc, tscinvbit, bmi1, bmi2, adx

Memory: 4k page, physical 16620168k(4914740k free), swap 16620168k(5396k free)

vm_info: Java HotSpot(TM) 64-Bit Server VM (25.261-b12) for windows-amd64 JRE (1.8.0_261-b12), built on Jun 18 2020 06:56:32 by "" with unknown MS VC++:1916

time: Wed Feb  9 18:42:17 2022
timezone: RTZ 2 (зима)
elapsed time: 0 seconds (0d 0h 0m 0s)

